[Thu Sep 18 15:13:11 GMT+07:00 2025] Start. jarDir=C:\Users\Dat\IdeaProjects\Covert-IMG writeDir=C:\Users\Dat\IdeaProjects\Covert-IMG
[Thu Sep 18 15:13:12 GMT+07:00 2025] License verified.
[Thu Sep 18 15:13:12 GMT+07:00 2025] [OK] Convert: C:\Program Files\Maxon ZBrush 2025\ZStartup\ZPlugs64\ZDepthData\capture_depth.tif -> C:\Program Files\Maxon ZBrush 2025\ZStartup\ZPlugs64\ZDepthData\capture_depth.psd
[Thu Sep 18 15:13:12 GMT+07:00 2025] [OK] Convert: C:\Program Files\Maxon ZBrush 2025\ZStartup\ZPlugs64\ZDepthData\capture_cavity.tif -> C:\Program Files\Maxon ZBrush 2025\ZStartup\ZPlugs64\ZDepthData\capture_cavity.psd
[Thu Sep 18 15:13:12 GMT+07:00 2025] [OK] Convert: C:\Program Files\Maxon ZBrush 2025\ZStartup\ZPlugs64\ZDepthData\capture_curvature.tif -> C:\Program Files\Maxon ZBrush 2025\ZStartup\ZPlugs64\ZDepthData\capture_curvature.psd
[Thu Sep 18 15:13:12 GMT+07:00 2025] Done. PSD count=3
[Thu Sep 18 15:42:13 GMT+07:00 2025] Start. jarDir=C:\Users\Dat\IdeaProjects\Covert-IMG writeDir=C:\Users\Dat\IdeaProjects\Covert-IMG
[Thu Sep 18 15:42:14 GMT+07:00 2025] License verified.
[Thu Sep 18 15:42:14 GMT+07:00 2025] [OK] Convert thành công: C:\Program Files\Maxon ZBrush 2025\ZStartup\ZPlugs64\ZDepthData\capture_depth.tif -> C:\Users\Dat\IdeaProjects\Covert-IMG\out\capture_depth.psd
[Thu Sep 18 15:42:14 GMT+07:00 2025] [OK] Convert thành công: C:\Program Files\Maxon ZBrush 2025\ZStartup\ZPlugs64\ZDepthData\capture_cavity.tif -> C:\Users\Dat\IdeaProjects\Covert-IMG\out\capture_cavity.psd
[Thu Sep 18 15:42:14 GMT+07:00 2025] [OK] Convert thành công: C:\Program Files\Maxon ZBrush 2025\ZStartup\ZPlugs64\ZDepthData\capture_curvature.tif -> C:\Users\Dat\IdeaProjects\Covert-IMG\out\capture_curvature.psd
[Thu Sep 18 15:42:14 GMT+07:00 2025] Done. PSD count=3
[Thu Sep 18 15:43:32 GMT+07:00 2025] Start. jarDir=C:\Users\Dat\IdeaProjects\Covert-IMG writeDir=C:\Users\Dat\IdeaProjects\Covert-IMG
[Thu Sep 18 15:43:33 GMT+07:00 2025] License verified.
[Thu Sep 18 15:43:33 GMT+07:00 2025] [OK] Convert thành công: C:\Program Files\Maxon ZBrush 2025\ZStartup\ZPlugs64\ZDepthData\capture_depth.tif -> C:\Users\Dat\IdeaProjects\Covert-IMG\out\capture_depth.psd
[Thu Sep 18 15:43:33 GMT+07:00 2025] [OK] Convert thành công: C:\Program Files\Maxon ZBrush 2025\ZStartup\ZPlugs64\ZDepthData\capture_cavity.tif -> C:\Users\Dat\IdeaProjects\Covert-IMG\out\capture_cavity.psd
[Thu Sep 18 15:43:33 GMT+07:00 2025] [OK] Convert thành công: C:\Program Files\Maxon ZBrush 2025\ZStartup\ZPlugs64\ZDepthData\capture_curvature.tif -> C:\Users\Dat\IdeaProjects\Covert-IMG\out\capture_curvature.psd
[Thu Sep 18 15:43:33 GMT+07:00 2025] Done. PSD count=3
[Thu Sep 18 15:44:58 GMT+07:00 2025] Start. jarDir=C:\Users\Dat\IdeaProjects\Covert-IMG writeDir=C:\Users\Dat\IdeaProjects\Covert-IMG
[Thu Sep 18 15:45:00 GMT+07:00 2025] License verified.
[Thu Sep 18 15:45:00 GMT+07:00 2025] [OK] Convert: C:\Program Files\Maxon ZBrush 2025\ZStartup\ZPlugs64\ZDepthData\capture_depth.tif -> C:\Program Files\Maxon ZBrush 2025\ZStartup\ZPlugs64\ZDepthData\capture_depth.psd
[Thu Sep 18 15:45:00 GMT+07:00 2025] [OK] Convert: C:\Program Files\Maxon ZBrush 2025\ZStartup\ZPlugs64\ZDepthData\capture_cavity.tif -> C:\Program Files\Maxon ZBrush 2025\ZStartup\ZPlugs64\ZDepthData\capture_cavity.psd
[Thu Sep 18 15:45:00 GMT+07:00 2025] [OK] Convert: C:\Program Files\Maxon ZBrush 2025\ZStartup\ZPlugs64\ZDepthData\capture_curvature.tif -> C:\Program Files\Maxon ZBrush 2025\ZStartup\ZPlugs64\ZDepthData\capture_curvature.psd
[Thu Sep 18 15:45:00 GMT+07:00 2025] Done. PSD count=3
[Thu Sep 18 15:50:23 GMT+07:00 2025] Start. jarDir=C:\Users\Dat\IdeaProjects\Covert-IMG
[Thu Sep 18 15:50:25 GMT+07:00 2025] License verified.
[Thu Sep 18 15:50:25 GMT+07:00 2025] [OK] Convert: C:\Program Files\Maxon ZBrush 2025\ZStartup\ZPlugs64\ZDepthData\capture_depth.tif -> C:\Users\Dat\IdeaProjects\Covert-IMG\capture_depth.psd
[Thu Sep 18 15:50:25 GMT+07:00 2025] [OK] Convert: C:\Program Files\Maxon ZBrush 2025\ZStartup\ZPlugs64\ZDepthData\capture_cavity.tif -> C:\Users\Dat\IdeaProjects\Covert-IMG\capture_cavity.psd
[Thu Sep 18 15:50:25 GMT+07:00 2025] [OK] Convert: C:\Program Files\Maxon ZBrush 2025\ZStartup\ZPlugs64\ZDepthData\capture_curvature.tif -> C:\Users\Dat\IdeaProjects\Covert-IMG\capture_curvature.psd
[Thu Sep 18 15:50:25 GMT+07:00 2025] Done. PSD count=3
