[Thu Sep 18 15:26:21 GMT+07:00 2025] Start. jarDir=C:\Users\Dat\IdeaProjects\Covert-IMG\out\artifacts\Covert_IMG_jar writeDir=C:\Users\Dat\IdeaProjects\Covert-IMG\out\artifacts\Covert_IMG_jar
[Thu Sep 18 15:26:22 GMT+07:00 2025] License verified.
[Thu Sep 18 15:26:22 GMT+07:00 2025] [OK] Convert: C:\Program Files\Maxon ZBrush 2025\ZStartup\ZPlugs64\ZDepthData\capture_depth.tif -> C:\Program Files\Maxon ZBrush 2025\ZStartup\ZPlugs64\ZDepthData\capture_depth.psd
[Thu Sep 18 15:26:22 GMT+07:00 2025] [OK] Convert: C:\Program Files\Maxon ZBrush 2025\ZStartup\ZPlugs64\ZDepthData\capture_cavity.tif -> C:\Program Files\Maxon ZBrush 2025\ZStartup\ZPlugs64\ZDepthData\capture_cavity.psd
[Thu Sep 18 15:26:22 GMT+07:00 2025] [OK] Convert: C:\Program Files\Maxon ZBrush 2025\ZStartup\ZPlugs64\ZDepthData\capture_curvature.tif -> C:\Program Files\Maxon ZBrush 2025\ZStartup\ZPlugs64\ZDepthData\capture_curvature.psd
[Thu Sep 18 15:26:22 GMT+07:00 2025] Done. PSD count=3
[Thu Sep 18 15:42:53 GMT+07:00 2025] Start. jarDir=C:\Users\Dat\IdeaProjects\Covert-IMG\out\artifacts\Covert_IMG_jar writeDir=C:\Users\Dat\IdeaProjects\Covert-IMG\out\artifacts\Covert_IMG_jar
[Thu Sep 18 15:42:54 GMT+07:00 2025] License verified.
[Thu Sep 18 15:42:54 GMT+07:00 2025] [FAIL] Convert thất bại hoặc không thấy file: C:\Users\Dat\IdeaProjects\Covert-IMG\out\artifacts\Covert_IMG_jar\out\capture_depth.psd
[Thu Sep 18 15:42:54 GMT+07:00 2025] [FAIL] Convert thất bại hoặc không thấy file: C:\Users\Dat\IdeaProjects\Covert-IMG\out\artifacts\Covert_IMG_jar\out\capture_cavity.psd
[Thu Sep 18 15:42:54 GMT+07:00 2025] [FAIL] Convert thất bại hoặc không thấy file: C:\Users\Dat\IdeaProjects\Covert-IMG\out\artifacts\Covert_IMG_jar\out\capture_curvature.psd
[Thu Sep 18 15:42:54 GMT+07:00 2025] Done. PSD count=0
[Thu Sep 18 15:43:48 GMT+07:00 2025] Start. jarDir=C:\Users\Dat\IdeaProjects\Covert-IMG\out\artifacts\Covert_IMG_jar writeDir=C:\Users\Dat\IdeaProjects\Covert-IMG\out\artifacts\Covert_IMG_jar
[Thu Sep 18 15:43:49 GMT+07:00 2025] License verified.
[Thu Sep 18 15:43:49 GMT+07:00 2025] [FAIL] Convert thất bại hoặc không thấy file: C:\Users\Dat\IdeaProjects\Covert-IMG\out\artifacts\Covert_IMG_jar\out\capture_depth.psd
[Thu Sep 18 15:43:49 GMT+07:00 2025] [FAIL] Convert thất bại hoặc không thấy file: C:\Users\Dat\IdeaProjects\Covert-IMG\out\artifacts\Covert_IMG_jar\out\capture_cavity.psd
[Thu Sep 18 15:43:49 GMT+07:00 2025] [FAIL] Convert thất bại hoặc không thấy file: C:\Users\Dat\IdeaProjects\Covert-IMG\out\artifacts\Covert_IMG_jar\out\capture_curvature.psd
[Thu Sep 18 15:43:49 GMT+07:00 2025] Done. PSD count=0
[Thu Sep 18 15:51:22 GMT+07:00 2025] Start. jarDir=C:\Users\Dat\IdeaProjects\Covert-IMG\out\artifacts\Covert_IMG_jar writeDir=C:\Users\Dat\IdeaProjects\Covert-IMG\out\artifacts\Covert_IMG_jar
[Thu Sep 18 15:51:23 GMT+07:00 2025] License verified.
[Thu Sep 18 15:51:23 GMT+07:00 2025] [FAIL] Convert thất bại hoặc không thấy file: C:\Users\Dat\IdeaProjects\Covert-IMG\out\artifacts\Covert_IMG_jar\out\capture_depth.psd
[Thu Sep 18 15:51:23 GMT+07:00 2025] [FAIL] Convert thất bại hoặc không thấy file: C:\Users\Dat\IdeaProjects\Covert-IMG\out\artifacts\Covert_IMG_jar\out\capture_cavity.psd
[Thu Sep 18 15:51:23 GMT+07:00 2025] [FAIL] Convert thất bại hoặc không thấy file: C:\Users\Dat\IdeaProjects\Covert-IMG\out\artifacts\Covert_IMG_jar\out\capture_curvature.psd
[Thu Sep 18 15:51:23 GMT+07:00 2025] Done. PSD count=0
[Thu Sep 18 15:52:42 GMT+07:00 2025] Start. jarDir=C:\Users\Dat\IdeaProjects\Covert-IMG\out\artifacts\Covert_IMG_jar
[Thu Sep 18 15:52:43 GMT+07:00 2025] License verified.
[Thu Sep 18 15:52:44 GMT+07:00 2025] [OK] Convert: C:\Program Files\Maxon ZBrush 2025\ZStartup\ZPlugs64\ZDepthData\capture_depth.tif -> C:\Users\Dat\IdeaProjects\Covert-IMG\out\artifacts\Covert_IMG_jar\capture_depth.psd
[Thu Sep 18 15:52:44 GMT+07:00 2025] [OK] Convert: C:\Program Files\Maxon ZBrush 2025\ZStartup\ZPlugs64\ZDepthData\capture_cavity.tif -> C:\Users\Dat\IdeaProjects\Covert-IMG\out\artifacts\Covert_IMG_jar\capture_cavity.psd
[Thu Sep 18 15:52:44 GMT+07:00 2025] [OK] Convert: C:\Program Files\Maxon ZBrush 2025\ZStartup\ZPlugs64\ZDepthData\capture_curvature.tif -> C:\Users\Dat\IdeaProjects\Covert-IMG\out\artifacts\Covert_IMG_jar\capture_curvature.psd
[Thu Sep 18 15:52:44 GMT+07:00 2025] Done. PSD count=3
[Thu Sep 18 15:53:20 GMT+07:00 2025] Start. jarDir=C:\Users\Dat\IdeaProjects\Covert-IMG\out\artifacts\Covert_IMG_jar
[Thu Sep 18 15:53:21 GMT+07:00 2025] License verified.
[Thu Sep 18 15:53:21 GMT+07:00 2025] [OK] Convert: C:\Program Files\Maxon ZBrush 2025\ZStartup\ZPlugs64\ZDepthData\capture_depth.tif -> C:\Users\Dat\IdeaProjects\Covert-IMG\out\artifacts\Covert_IMG_jar\capture_depth.psd
[Thu Sep 18 15:53:21 GMT+07:00 2025] [OK] Convert: C:\Program Files\Maxon ZBrush 2025\ZStartup\ZPlugs64\ZDepthData\capture_cavity.tif -> C:\Users\Dat\IdeaProjects\Covert-IMG\out\artifacts\Covert_IMG_jar\capture_cavity.psd
[Thu Sep 18 15:53:21 GMT+07:00 2025] [OK] Convert: C:\Program Files\Maxon ZBrush 2025\ZStartup\ZPlugs64\ZDepthData\capture_curvature.tif -> C:\Users\Dat\IdeaProjects\Covert-IMG\out\artifacts\Covert_IMG_jar\capture_curvature.psd
[Thu Sep 18 15:53:21 GMT+07:00 2025] Done. PSD count=3
[Thu Sep 18 16:09:38 GMT+07:00 2025] Start. jarDir=C:\Users\Dat\IdeaProjects\Covert-IMG\out\artifacts\Covert_IMG_jar
[Thu Sep 18 16:09:39 GMT+07:00 2025] License verified.
[Thu Sep 18 16:09:39 GMT+07:00 2025] [OK] Convert: C:\Program Files\Maxon ZBrush 2025\ZStartup\ZPlugs64\ZDepthData\capture_depth.tif -> C:\Users\Dat\IdeaProjects\Covert-IMG\out\artifacts\Covert_IMG_jar\capture_depth.psd
[Thu Sep 18 16:09:39 GMT+07:00 2025] [OK] Convert: C:\Program Files\Maxon ZBrush 2025\ZStartup\ZPlugs64\ZDepthData\capture_cavity.tif -> C:\Users\Dat\IdeaProjects\Covert-IMG\out\artifacts\Covert_IMG_jar\capture_cavity.psd
[Thu Sep 18 16:09:39 GMT+07:00 2025] [OK] Convert: C:\Program Files\Maxon ZBrush 2025\ZStartup\ZPlugs64\ZDepthData\capture_curvature.tif -> C:\Users\Dat\IdeaProjects\Covert-IMG\out\artifacts\Covert_IMG_jar\capture_curvature.psd
[Thu Sep 18 16:09:39 GMT+07:00 2025] Done. PSD count=3
